<?xml version="1.0" encoding="UTF-8"?>
<testsuite xmlns:xsi="http://www.w3.org/2001/XMLSchema-instance" xsi:noNamespaceSchemaLocation="https://maven.apache.org/surefire/maven-surefire-plugin/xsd/surefire-test-report.xsd" version="3.0.2" name="edu.school21.numbers.NumberWorkerTest" time="0.206" tests="25" errors="0" skipped="0" failures="0">
  <properties>
[...]
</properties>
  <testcase name="testDigitsSum_WithCvsFile(int, int)[1]" classname="edu.school21.numbers.NumberWorkerTest" time="0.041"/>
  <testcase name="testDigitsSum_WithCvsFile(int, int)[2]" classname="edu.school21.numbers.NumberWorkerTest" time="0.002"/>
  <testcase name="testDigitsSum_WithCvsFile(int, int)[3]" classname="edu.school21.numbers.NumberWorkerTest" time="0.002"/>
  <testcase name="testDigitsSum_WithCvsFile(int, int)[4]" classname="edu.school21.numbers.NumberWorkerTest" time="0.001"/>
  <testcase name="testDigitsSum_WithCvsFile(int, int)[5]" classname="edu.school21.numbers.NumberWorkerTest" time="0.001"/>
  <testcase name="testDigitsSum_WithCvsFile(int, int)[6]" classname="edu.school21.numbers.NumberWorkerTest" time="0.001"/>
  <testcase name="testDigitsSum_WithCvsFile(int, int)[7]" classname="edu.school21.numbers.NumberWorkerTest" time="0.001"/>
  <testcase name="testDigitsSum_WithCvsFile(int, int)[8]" classname="edu.school21.numbers.NumberWorkerTest" time="0.001"/>
  <testcase name="testDigitsSum_WithCvsFile(int, int)[9]" classname="edu.school21.numbers.NumberWorkerTest" time="0.001"/>
  <testcase name="testDigitsSum_WithCvsFile(int, int)[10]" classname="edu.school21.numbers.NumberWorkerTest" time="0.001"/>
  <testcase name="testIsPrime_WithCompositeNumbers_RerurnsFalse(int)[1]" classname="edu.school21.numbers.NumberWorkerTest" time="0.002"/>
  <testcase name="testIsPrime_WithCompositeNumbers_RerurnsFalse(int)[2]" classname="edu.school21.numbers.NumberWorkerTest" time="0.001"/>
  <testcase name="testIsPrime_WithCompositeNumbers_RerurnsFalse(int)[3]" classname="edu.school21.numbers.NumberWorkerTest" time="0.001"/>
  <testcase name="testIsPrime_WithCompositeNumbers_RerurnsFalse(int)[4]" classname="edu.school21.numbers.NumberWorkerTest" time="0.001"/>
  <testcase name="testIsPrime_WithCompositeNumbers_RerurnsFalse(int)[5]" classname="edu.school21.numbers.NumberWorkerTest" time="0.001"/>
  <testcase name="testIsPrime_WithPrimeNumbers_RerurnsTrue(int)[1]" classname="edu.school21.numbers.NumberWorkerTest" time="0.003"/>
  <testcase name="testIsPrime_WithPrimeNumbers_RerurnsTrue(int)[2]" classname="edu.school21.numbers.NumberWorkerTest" time="0.001"/>
  <testcase name="testIsPrime_WithPrimeNumbers_RerurnsTrue(int)[3]" classname="edu.school21.numbers.NumberWorkerTest" time="0.001"/>
  <testcase name="testIsPrime_WithPrimeNumbers_RerurnsTrue(int)[4]" classname="edu.school21.numbers.NumberWorkerTest" time="0.001"/>
  <testcase name="testIsPrime_WithPrimeNumbers_RerurnsTrue(int)[5]" classname="edu.school21.numbers.NumberWorkerTest" time="0.002"/>
  <testcase name="testIsPrime_WithIllegalNumbers_ThrowsIllegalNumberException(int)[1]" classname="edu.school21.numbers.NumberWorkerTest" time="0.003"/>
  <testcase name="testIsPrime_WithIllegalNumbers_ThrowsIllegalNumberException(int)[2]" classname="edu.school21.numbers.NumberWorkerTest" time="0.002"/>
  <testcase name="testIsPrime_WithIllegalNumbers_ThrowsIllegalNumberException(int)[3]" classname="edu.school21.numbers.NumberWorkerTest" time="0.002"/>
  <testcase name="testIsPrime_WithIllegalNumbers_ThrowsIllegalNumberException(int)[4]" classname="edu.school21.numbers.NumberWorkerTest" time="0.001"/>
  <testcase name="testIsPrime_WithIllegalNumbers_ThrowsIllegalNumberException(int)[5]" classname="edu.school21.numbers.NumberWorkerTest" time="0.001"/>
</testsuite>